0 info it worked if it ends with ok
1 verbose cli [ '/usr/local/bin/node',
1 verbose cli   '/usr/local/bin/npm',
1 verbose cli   'run-script',
1 verbose cli   'run' ]
2 info using npm@3.10.10
3 info using node@v6.11.0
4 verbose run-script [ 'prerun', 'run', 'postrun' ]
5 info lifecycle js-boilerplate@0.0.1~prerun: js-boilerplate@0.0.1
6 silly lifecycle js-boilerplate@0.0.1~prerun: no script for prerun, continuing
7 info lifecycle js-boilerplate@0.0.1~run: js-boilerplate@0.0.1
8 verbose lifecycle js-boilerplate@0.0.1~run: unsafe-perm in lifecycle true
9 verbose lifecycle js-boilerplate@0.0.1~run: PATH: /usr/local/lib/node_modules/npm/bin/node-gyp-bin:/Users/Shui/Projects/JournalingTheWeb/node_modules/.bin:/Users/Shui/.rvm/gems/ruby-2.2.2/bin:/Users/Shui/.rvm/gems/ruby-2.2.2@global/bin:/Users/Shui/.rvm/rubies/ruby-2.2.2/bin:/Users/Shui/.rbenv/bin:/usr/local/bin:/usr/bin:/bin:/usr/sbin:/sbin:/Users/Shui/.rvm/bin
10 verbose lifecycle js-boilerplate@0.0.1~run: CWD: /Users/Shui/Projects/JournalingTheWeb
11 silly lifecycle js-boilerplate@0.0.1~run: Args: [ '-c', 'node makeBundle.js && node src/backend.js' ]
12 silly lifecycle js-boilerplate@0.0.1~run: Returned: code: 1  signal: null
13 info lifecycle js-boilerplate@0.0.1~run: Failed to exec run script
14 verbose stack Error: js-boilerplate@0.0.1 run: `node makeBundle.js && node src/backend.js`
14 verbose stack Exit status 1
14 verbose stack     at EventEmitter.<anonymous> (/usr/local/lib/node_modules/npm/lib/utils/lifecycle.js:255:16)
14 verbose stack     at emitTwo (events.js:106:13)
14 verbose stack     at EventEmitter.emit (events.js:191:7)
14 verbose stack     at ChildProcess.<anonymous> (/usr/local/lib/node_modules/npm/lib/utils/spawn.js:40:14)
14 verbose stack     at emitTwo (events.js:106:13)
14 verbose stack     at ChildProcess.emit (events.js:191:7)
14 verbose stack     at maybeClose (internal/child_process.js:891:16)
14 verbose stack     at Process.ChildProcess._handle.onexit (internal/child_process.js:226:5)
15 verbose pkgid js-boilerplate@0.0.1
16 verbose cwd /Users/Shui/Projects/JournalingTheWeb
17 error Darwin 16.5.0
18 error argv "/usr/local/bin/node" "/usr/local/bin/npm" "run-script" "run"
19 error node v6.11.0
20 error npm  v3.10.10
21 error code ELIFECYCLE
22 error js-boilerplate@0.0.1 run: `node makeBundle.js && node src/backend.js`
22 error Exit status 1
23 error Failed at the js-boilerplate@0.0.1 run script 'node makeBundle.js && node src/backend.js'.
23 error Make sure you have the latest version of node.js and npm installed.
23 error If you do, this is most likely a problem with the js-boilerplate package,
23 error not with npm itself.
23 error Tell the author that this fails on your system:
23 error     node makeBundle.js && node src/backend.js
23 error You can get information on how to open an issue for this project with:
23 error     npm bugs js-boilerplate
23 error Or if that isn't available, you can get their info via:
23 error     npm owner ls js-boilerplate
23 error There is likely additional logging output above.
24 verbose exit [ 1, true ]
